DEBUG:matplotlib:matplotlib data path: /home/adamo/scripts/cathedralpython/venv/lib/python3.9/site-packages/matplotlib/mpl-data
DEBUG:matplotlib:CONFIGDIR=/home/adamo/.config/matplotlib
DEBUG:matplotlib:interactive is False
DEBUG:matplotlib:platform is linux
DEBUG:matplotlib:CACHEDIR=/home/adamo/.cache/matplotlib
DEBUG:matplotlib.font_manager:Using fontManager instance from /home/adamo/.cache/matplotlib/fontlist-v330.json
DEBUG:urllib3.connectionpool:Starting new HTTPS connection (1): intern.smart.ariscat.com:443
DEBUG:urllib3.connectionpool:https://intern.smart.ariscat.com:443 "POST /datasnap/rest/TARSMethods/GetRecordLst HTTP/1.1" 200 931
ERROR:root:no cluster found
DEBUG:urllib3.connectionpool:Starting new HTTPS connection (1): intern.smart.ariscat.com:443
DEBUG:urllib3.connectionpool:https://intern.smart.ariscat.com:443 "POST /datasnap/rest/TARSMethods/GetRecordLst HTTP/1.1" 200 930
ERROR:root:no cluster found
DEBUG:urllib3.connectionpool:Starting new HTTPS connection (1): intern.smart.ariscat.com:443
DEBUG:urllib3.connectionpool:https://intern.smart.ariscat.com:443 "POST /datasnap/rest/TARSMethods/GetRecordLst HTTP/1.1" 200 931
ERROR:root:no cluster found
DEBUG:matplotlib:matplotlib data path: /home/adamo/scripts/cathedralpython/venv/lib/python3.9/site-packages/matplotlib/mpl-data
DEBUG:matplotlib:CONFIGDIR=/home/adamo/.config/matplotlib
DEBUG:matplotlib:interactive is False
DEBUG:matplotlib:platform is linux
DEBUG:matplotlib:CACHEDIR=/home/adamo/.cache/matplotlib
DEBUG:matplotlib.font_manager:Using fontManager instance from /home/adamo/.cache/matplotlib/fontlist-v330.json
DEBUG:urllib3.connectionpool:Starting new HTTPS connection (1): intern.smart.ariscat.com:443
DEBUG:urllib3.connectionpool:https://intern.smart.ariscat.com:443 "POST /datasnap/rest/TARSMethods/GetRecordLst HTTP/1.1" 200 929
ERROR:root:no cluster found
DEBUG:matplotlib:matplotlib data path: /home/adamo/scripts/cathedralpython/venv/lib/python3.9/site-packages/matplotlib/mpl-data
DEBUG:matplotlib:CONFIGDIR=/home/adamo/.config/matplotlib
DEBUG:matplotlib:interactive is False
DEBUG:matplotlib:platform is linux
DEBUG:matplotlib:CACHEDIR=/home/adamo/.cache/matplotlib
DEBUG:matplotlib.font_manager:Using fontManager instance from /home/adamo/.cache/matplotlib/fontlist-v330.json
DEBUG:urllib3.connectionpool:Starting new HTTPS connection (1): intern.smart.ariscat.com:443
DEBUG:urllib3.connectionpool:https://intern.smart.ariscat.com:443 "POST /datasnap/rest/TARSMethods/GetRecordLst HTTP/1.1" 200 931
ERROR:root:no cluster found
DEBUG:urllib3.connectionpool:Starting new HTTPS connection (1): intern.smart.ariscat.com:443
DEBUG:urllib3.connectionpool:https://intern.smart.ariscat.com:443 "POST /datasnap/rest/TARSMethods/GetRecordLst HTTP/1.1" 200 931
ERROR:root:no cluster found
DEBUG:urllib3.connectionpool:Starting new HTTPS connection (1): intern.smart.ariscat.com:443
DEBUG:urllib3.connectionpool:https://intern.smart.ariscat.com:443 "POST /datasnap/rest/TARSMethods/GetRecordLst HTTP/1.1" 200 931
ERROR:root:no cluster found
DEBUG:urllib3.connectionpool:Starting new HTTPS connection (1): intern.smart.ariscat.com:443
DEBUG:urllib3.connectionpool:https://intern.smart.ariscat.com:443 "POST /datasnap/rest/TARSMethods/GetRecordLst HTTP/1.1" 200 931
ERROR:root:no cluster found
DEBUG:urllib3.connectionpool:Starting new HTTPS connection (1): intern.smart.ariscat.com:443
DEBUG:urllib3.connectionpool:https://intern.smart.ariscat.com:443 "POST /datasnap/rest/TARSMethods/GetRecordLst HTTP/1.1" 200 None
INFO:root:starting postprocessing
DEBUG:urllib3.connectionpool:Starting new HTTPS connection (1): intern.smart.ariscat.com:443
DEBUG:urllib3.connectionpool:https://intern.smart.ariscat.com:443 "POST /datasnap/rest/TARSMethods/GetRecordLst HTTP/1.1" 200 749
INFO:root:<DATAPACKET Version="2.0"><METADATA><FIELDS><FIELD attrname="ID" caption="ID záznamu" visible="TRUE" orderby="0" readonly="0" fieldtype="i4"/><FIELD attrname="dDevdCasZpravy" caption="Čas zprávy" visible="TRUE" orderby="0" readonly="0" fieldtype="dateTime"/><FIELD attrname="iDevdZarzeniID" caption="ID zařízení" visible="TRUE" orderby="0" readonly="0" fieldtype="i4"/><FIELD attrname="iDevdUnitDataFrameError" caption="Chyba čtení dat z jednotky" visible="TRUE" orderby="0" readonly="0" fieldtype="i4"/><FIELD attrname="iDevdUnitVersionFrameError" caption="Chyba čtení verze z jednotky" visible="TRUE" orderby="0" readonly="0" fieldtype="i4"/><FIELD attrname="bDevdAvgCurrentAnomaly" caption="Průměrný proud anomálie" visible="TRUE" orderby="0" readonly="0" fieldtype="boolean"/><FIELD attrname="iDevdActualStateSwitch1" caption="Aktuální stav tlačítka 1" visible="TRUE" orderby="0" readonly="0" fieldtype="i4"/><FIELD attrname="iDevdActualStateSwitch2" caption="Aktuální stav tlačítka 2" visible="TRUE" orderby="0" readonly="0" fieldtype="i4"/><FIELD attrname="iDevdCurrentLimit" caption="Omezení proudu" visible="TRUE" orderby="0" readonly="0" fieldtype="i4"/><FIELD attrname="iDevdAverageCurrent" caption="Průměrný proud" visible="TRUE" orderby="0" readonly="0" fieldtype="i4"/><FIELD attrname="iDevdNumberOfImpulseUp" caption="Počet impulzů nahoru" visible="TRUE" orderby="0" readonly="0" fieldtype="i4"/><FIELD attrname="iDevdNumberOfImpulseDown" caption="Počet impulzů dolů" visible="TRUE" orderby="0" readonly="0" fieldtype="i4"/><FIELD attrname="iDevdDisableCurrentLimit" caption="Deaktivace omezení proudu" visible="TRUE" orderby="0" readonly="0" fieldtype="i4"/><FIELD attrname="iDevdDetectRain" caption="Detekce deště" visible="TRUE" orderby="0" readonly="0" fieldtype="i4"/><FIELD attrname="iDevdTemperatureError" caption="Chyba teploty" visible="TRUE" orderby="0" readonly="0" fieldtype="i4"/><FIELD attrname="iDevdDisableTemperature" caption="Deaktivace teploty" visible="TRUE" orderby="0" readonly="0" fieldtype="i4"/><FIELD attrname="iDevdNumberOfCycleUp" caption="Počet cyklů nahoru" visible="TRUE" orderby="0" readonly="0" fieldtype="i4"/><FIELD attrname="iDevdNumberOfCycleDown" caption="Počet cyklů dolů" visible="TRUE" orderby="0" readonly="0" fieldtype="i4"/><FIELD attrname="fDevdTemperature" caption="Teplota" visible="TRUE" orderby="0" readonly="0" fieldtype="fixedFMT" DECIMALS="6" WIDTH="32"/><FIELD attrname="iDevdUnitVersionMajor" caption="Verze major jednotky" visible="TRUE" orderby="0" readonly="0" fieldtype="i4"/><FIELD attrname="iDevdUnitVersionMinor" caption="Verze minor jednotky" visible="TRUE" orderby="0" readonly="0" fieldtype="i4"/><FIELD attrname="iDevdCountSetSwitch1" caption="Počet stisků 1" visible="TRUE" orderby="0" readonly="0" fieldtype="i4"/><FIELD attrname="iDevdCountSetSwitch2" caption="Počet stisků 2" visible="TRUE" orderby="0" readonly="0" fieldtype="i4"/><FIELD attrname="nsDevdPoridil" caption="Autor" visible="FALSE" orderby="0" readonly="0" fieldtype="string.uni" WIDTH="100"/><FIELD attrname="dDevdPorizeno" caption="Datum pořízení" visible="FALSE" orderby="0" readonly="0" fieldtype="dateTime"/><FIELD attrname="dDevdZmeneno" caption="Datum změny" visible="FALSE" orderby="0" readonly="0" fieldtype="dateTime"/><FIELD attrname="nsDevdZmenil" caption="Změnil" visible="FALSE" orderby="0" readonly="0" fieldtype="string.uni" WIDTH="100"/></FIELDS></METADATA><ROWDATA><ROW ID="424" bDevdAvgCurrentAnomaly="True"/>
<ROW ID="427" bDevdAvgCurrentAnomaly="True"/>
<ROW ID="1039" bDevdAvgCurrentAnomaly="True"/>
<ROW ID="1041" bDevdAvgCurrentAnomaly="True"/>
<ROW ID="1149" bDevdAvgCurrentAnomaly="True"/>
<ROW ID="1151" bDevdAvgCurrentAnomaly="True"/>
<ROW ID="1218" bDevdAvgCurrentAnomaly="True"/>
<ROW ID="1285" bDevdAvgCurrentAnomaly="False"/>
<ROW ID="1408" bDevdAvgCurrentAnomaly="False"/>
<ROW ID="1432" bDevdAvgCurrentAnomaly="False"/>
<ROW ID="1480" bDevdAvgCurrentAnomaly="False"/>
<ROW ID="1484" bDevdAvgCurrentAnomaly="False"/>
<ROW ID="1490" bDevdAvgCurrentAnomaly="False"/>
<ROW ID="1503" bDevdAvgCurrentAnomaly="False"/>
<ROW ID="1507" bDevdAvgCurrentAnomaly="False"/>
<ROW ID="1511" bDevdAvgCurrentAnomaly="False"/>
<ROW ID="1524" bDevdAvgCurrentAnomaly="False"/>
<ROW ID="1528" bDevdAvgCurrentAnomaly="False"/>
<ROW ID="1530" bDevdAvgCurrentAnomaly="False"/>
<ROW ID="3822" bDevdAvgCurrentAnomaly="False"/>
<ROW ID="3853" bDevdAvgCurrentAnomaly="False"/>
<ROW ID="4336" bDevdAvgCurrentAnomaly="False"/>
<ROW ID="5069" bDevdAvgCurrentAnomaly="False"/>
<ROW ID="5105" bDevdAvgCurrentAnomaly="False"/>
<ROW ID="5363" bDevdAvgCurrentAnomaly="False"/>
<ROW ID="5381" bDevdAvgCurrentAnomaly="False"/>
<ROW ID="5418" bDevdAvgCurrentAnomaly="False"/></ROWDATA></DATAPACKET>

DEBUG:urllib3.connectionpool:Starting new HTTPS connection (1): intern.smart.ariscat.com:443
DEBUG:urllib3.connectionpool:https://intern.smart.ariscat.com:443 "POST /datasnap/rest/TARSMethods/RecordLst HTTP/1.1" 200 726
